<?xml version="1.0" encoding="UTF-8"?>
<!-- Generated by org.testng.reporters.JUnitReportReporter -->
<testsuite hostname="user1" failures="0" tests="1" name="com.hrms.TestScripts.TC_001" time="32.581" errors="0" timestamp="22 Jun 2021 06:38:55 GMT">
  <testcase classname="com.hrms.TestScripts.TC_001" name="tc101" time="32.581"/>
</testsuite> <!-- com.hrms.TestScripts.TC_001 -->
