<?xml version="1.0" encoding="UTF-8"?>
<!-- Generated by org.testng.reporters.JUnitReportReporter -->
<testsuite hostname="user1" failures="0" tests="1" name="com.hrms.TestScripts.TestNGExamples" time="0.015" errors="0" timestamp="17 Jun 2021 11:52:09 GMT">
  <testcase classname="com.hrms.TestScripts.TestNGExamples" name="login" time="0.015"/>
</testsuite> <!-- com.hrms.TestScripts.TestNGExamples -->
